Core Graph Edge Number is 47877787
Finish to run 10 queries
Start to find core graph edge
Finish to find core graph edge with query results
Finish to find core graph edge with in/out flag
Finish to add edges to edge sets
Core Graph Edge Number is 99252634
Finish to run 10 queries
Start to find core graph edge
Finish to find core graph edge with query results
Finish to find core graph edge with in/out flag
Finish to add edges to edge sets
Core Graph Edge Number is 380531768
Finish to run 10 queries
Start to find core graph edge
Finish to find core graph edge with query results
Finish to find core graph edge with in/out flag
Finish to add edges to edge sets
Core Graph Edge Number is 380531768
snapshot 0, num of edges 1321528665
snapshot 1, num of edges 1321528665
intersection graph has num of edges 1174692147
Union graph has num of edges 1468365183
without pruning num of nnz is 1468365183
with pruning num of edges is 1464415458
batch size is 146836518 num of batch is 1, num of snapshot is 2
Finish to run 10 queries
Start to find core graph edge
Progress: 0% completed.
Progress: 0% completed.
Progress: 1% completed.
Progress: 2% completed.
Progress: 3% completed.
Progress: 4% completed.
Progress: 5% completed.
Progress: 6% completed.
Progress: 7% completed.
Progress: 8% completed.
Progress: 9% completed.
Progress: 10% completed.
Progress: 11% completed.
Progress: 12% completed.
Progress: 13% completed.
Progress: 14% completed.
Progress: 15% completed.
Progress: 16% completed.
Progress: 17% completed.
Progress: 18% completed.
Progress: 19% completed.
Progress: 20% completed.
Progress: 21% completed.
Progress: 22% completed.
Progress: 23% completed.
Progress: 24% completed.
Progress: 25% completed.
Progress: 26% completed.
Progress: 27% completed.
Progress: 28% completed.
Progress: 29% completed.
Progress: 30% completed.
Progress: 31% completed.
Progress: 32% completed.
Progress: 33% completed.
Progress: 34% completed.
Progress: 35% completed.
Progress: 36% completed.
Progress: 37% completed.
Progress: 38% completed.
Progress: 39% completed.
Progress: 40% completed.
Progress: 41% completed.
Progress: 42% completed.
Progress: 43% completed.
Progress: 44% completed.
Progress: 45% completed.
Progress: 46% completed.
Progress: 47% completed.
Progress: 48% completed.
Progress: 49% completed.
Progress: 50% completed.
Progress: -51% completed.
Progress: -50% completed.
Progress: -49% completed.
Progress: -48% completed.
Progress: -47% completed.
Progress: -46% completed.
Progress: -45% completed.
Progress: -44% completed.
Progress: -43% completed.
Progress: -42% completed.
Progress: -41% completed.
Progress: -40% completed.
Progress: -39% completed.
Progress: -38% completed.
Progress: -37% completed.
Progress: -36% completed.
Progress: -35% completed.
Progress: -34% completed.
Progress: -33% completed.
Progress: -32% completed.
Progress: -31% completed.
Progress: -30% completed.
Progress: -29% completed.
Progress: -28% completed.
Progress: -27% completed.
Progress: -26% completed.
Progress: -25% completed.
Progress: -24% completed.
Progress: -23% completed.
Progress: -22% completed.
Progress: -21% completed.
Progress: -20% completed.
Progress: -19% completed.
Progress: -18% completed.
Progress: -17% completed.
Progress: -16% completed.
Progress: -15% completed.
Progress: -14% completed.
Progress: -13% completed.
Progress: -12% completed.
Progress: -11% completed.
Progress: -10% completed.
Progress: -9% completed.
Progress: -8% completed.
Progress: -7% completed.
Progress: -6% completed.
Progress: -5% completed.
Progress: -4% completed.
Progress: -3% completed.
Forward progress: 100% completed.
Progress: 0% completed.
Progress: 0% completed.
Progress: 1% completed.
Progress: 2% completed.
Progress: 3% completed.
Progress: 4% completed.
Progress: 5% completed.
Progress: 6% completed.
Progress: 7% completed.
Progress: 8% completed.
Progress: 9% completed.
Progress: 10% completed.
Progress: 11% completed.
Progress: 12% completed.
Progress: 13% completed.
Progress: 14% completed.
Progress: 15% completed.
Progress: 16% completed.
Progress: 17% completed.
Progress: 18% completed.
Progress: 19% completed.
Progress: 20% completed.
Progress: 21% completed.
Progress: 22% completed.
Progress: 23% completed.
Progress: 24% completed.
Progress: 25% completed.
Progress: 26% completed.
Progress: 27% completed.
Progress: 28% completed.
Progress: 29% completed.
Progress: 30% completed.
Progress: 31% completed.
Progress: 32% completed.
Progress: 33% completed.
Progress: 34% completed.
Progress: 35% completed.
Progress: 36% completed.
Progress: 37% completed.
Progress: 38% completed.
Progress: 39% completed.
Progress: 40% completed.
Progress: 41% completed.
Progress: 42% completed.
Progress: 43% completed.
Progress: 44% completed.
Progress: 45% completed.
Progress: 46% completed.
Progress: 47% completed.
Progress: 48% completed.
Progress: 49% completed.
Progress: 50% completed.
Progress: -51% completed.
Progress: -50% completed.
Progress: -49% completed.
Progress: -48% completed.
Progress: -47% completed.
Progress: -46% completed.
Progress: -45% completed.
Progress: -44% completed.
Progress: -43% completed.
Progress: -42% completed.
Progress: -41% completed.
Progress: -40% completed.
Progress: -39% completed.
Progress: -38% completed.
Progress: -37% completed.
Progress: -36% completed.
Progress: -35% completed.
Progress: -34% completed.
Progress: -33% completed.
Progress: -32% completed.
Progress: -31% completed.
Progress: -30% completed.
Progress: -29% completed.
Progress: -28% completed.
Progress: -27% completed.
Progress: -26% completed.
Progress: -25% completed.
Progress: -24% completed.
Progress: -23% completed.
Progress: -22% completed.
Progress: -21% completed.
Progress: -20% completed.
Progress: -19% completed.
Progress: -18% completed.
Progress: -17% completed.
Progress: -16% completed.
Progress: -15% completed.
Progress: -14% completed.
Progress: -13% completed.
Progress: -12% completed.
Progress: -11% completed.
Progress: -10% completed.
Progress: -9% completed.
Progress: -8% completed.
Progress: -7% completed.
Progress: -6% completed.
Progress: -5% completed.
Progress: -4% completed.
Progress: -3% completed.
Backward Progress: 100% completed.
Finish to find core graph edge with query results
Finish to find core graph edge with in/out flag
Finish to add edges to edge sets
Core Graph Edge Number is 309460823
Finish to run 10 queries
Start to find core graph edge
Progress: 0% completed.
Finish to run 10 queries
Start to find core graph edge
Progress: 0% completed.
snapshot 0, num of edges 1248110406
snapshot 1, num of edges 1248110406
intersection graph has num of edges 1027855629
Union graph has num of edges 1468365183
without pruning num of nnz is 1468365183
with pruning num of edges is 1464415458
batch size is 220254777 num of batch is 1, num of snapshot is 2
Finish to run 10 queries
Start to find core graph edge
Progress: 0% completed.
Finish to run 10 queries
Start to find core graph edge
Progress: 0% completed.
Progress: 0% completed.
Progress: 0% completed.
Progress: 1% completed.
Progress: 1% completed.
Progress: 2% completed.
Progress: 2% completed.
Progress: 3% completed.
Progress: 3% completed.
Progress: 4% completed.
Progress: 5% completed.
Progress: 4% completed.
Progress: 6% completed.
Progress: 5% completed.
Progress: 7% completed.
Progress: 6% completed.
Progress: 8% completed.
Progress: 7% completed.
Progress: 9% completed.
Progress: 8% completed.
Progress: 10% completed.
Progress: 9% completed.
Progress: 11% completed.
Progress: 10% completed.
Progress: 12% completed.
Progress: 11% completed.
Progress: 13% completed.
Progress: 12% completed.
Progress: 13% completed.
Progress: 14% completed.
Progress: 15% completed.
Progress: 16% completed.
Progress: 17% completed.
Progress: 18% completed.
Progress: 19% completed.
Progress: 20% completed.
Progress: 21% completed.
Progress: 22% completed.
Progress: 23% completed.
Progress: 24% completed.
Progress: 25% completed.
Progress: 26% completed.
Progress: 27% completed.
Progress: 28% completed.
Progress: 29% completed.
Progress: 30% completed.
Progress: 31% completed.
Progress: 32% completed.
Progress: 33% completed.
Progress: 34% completed.
Progress: 35% completed.
Progress: 36% completed.
Progress: 37% completed.
Progress: 38% completed.
Progress: 39% completed.
Progress: 40% completed.
Progress: 41% completed.
Progress: 42% completed.
Progress: 43% completed.
Progress: 44% completed.
Progress: 45% completed.
Progress: 46% completed.
Progress: 47% completed.
Progress: 48% completed.
Progress: 49% completed.
Progress: 50% completed.
Progress: -51% completed.
Progress: -50% completed.
Progress: -49% completed.
Progress: -48% completed.
Progress: -47% completed.
Progress: -46% completed.
Progress: -45% completed.
Progress: -44% completed.
Progress: -43% completed.
Progress: -42% completed.
Progress: -41% completed.
Progress: -40% completed.
Progress: -39% completed.
Progress: -38% completed.
Progress: -37% completed.
Progress: -36% completed.
Progress: -35% completed.
Progress: -34% completed.
Progress: -33% completed.
Progress: -32% completed.
Progress: -31% completed.
Progress: -30% completed.
Progress: -29% completed.
Progress: -28% completed.
Progress: -27% completed.
Progress: -26% completed.
Progress: -25% completed.
Progress: -24% completed.
Progress: -23% completed.
Progress: -22% completed.
Progress: -21% completed.
Progress: -20% completed.
Progress: -19% completed.
Progress: -18% completed.
Progress: -17% completed.
Progress: -16% completed.
Progress: -15% completed.
Progress: -14% completed.
Progress: -13% completed.
Progress: -12% completed.
Progress: -11% completed.
Progress: -10% completed.
Progress: -9% completed.
Progress: -8% completed.
Progress: -7% completed.
Progress: -6% completed.
Progress: -5% completed.
Progress: -4% completed.
Progress: -3% completed.
Forward progress: 100% completed.
Progress: 0% completed.
Progress: 0% completed.
Progress: 1% completed.
Progress: 2% completed.
Progress: 3% completed.
Progress: 4% completed.
Progress: 5% completed.
Progress: 6% completed.
Progress: 7% completed.
Progress: 8% completed.
Progress: 9% completed.
Progress: 10% completed.
Progress: 11% completed.
Progress: 12% completed.
Progress: 13% completed.
Progress: 14% completed.
Progress: 15% completed.
Progress: 16% completed.
Progress: 17% completed.
Progress: 18% completed.
Progress: 19% completed.
Progress: 20% completed.
Progress: 21% completed.
Progress: 22% completed.
Progress: 23% completed.
Progress: 24% completed.
Progress: 25% completed.
Progress: 26% completed.
Progress: 27% completed.
Progress: 28% completed.
Progress: 29% completed.
Progress: 30% completed.
Progress: 31% completed.
Progress: 32% completed.
Progress: 33% completed.
Progress: 34% completed.
Progress: 35% completed.
Progress: 36% completed.
Progress: 37% completed.
Progress: 38% completed.
Progress: 39% completed.
Progress: 40% completed.
Progress: 41% completed.
Progress: 42% completed.
Progress: 43% completed.
Progress: 44% completed.
Progress: 45% completed.
Progress: 46% completed.
Progress: 47% completed.
Progress: 48% completed.
Progress: 49% completed.
Progress: 50% completed.
Progress: -51% completed.
Progress: -50% completed.
Progress: -49% completed.
Progress: -48% completed.
Progress: -47% completed.
Progress: -46% completed.
Progress: -45% completed.
Progress: -44% completed.
Progress: -43% completed.
Progress: -42% completed.
Progress: -41% completed.
Progress: -40% completed.
Progress: -39% completed.
Progress: -38% completed.
Progress: -37% completed.
Progress: -36% completed.
Progress: -35% completed.
Progress: -34% completed.
Progress: -33% completed.
Progress: -32% completed.
Progress: -31% completed.
Progress: -30% completed.
Progress: -29% completed.
Progress: -28% completed.
Progress: -27% completed.
Progress: -26% completed.
Progress: -25% completed.
Progress: -24% completed.
Progress: -23% completed.
Progress: -22% completed.
Progress: -21% completed.
Progress: -20% completed.
Progress: -19% completed.
Progress: -18% completed.
Progress: -17% completed.
Progress: -16% completed.
Progress: -15% completed.
Progress: -14% completed.
Progress: -13% completed.
Progress: -12% completed.
Progress: -11% completed.
Progress: -10% completed.
Progress: -9% completed.
Progress: -8% completed.
Progress: -7% completed.
Progress: -6% completed.
Progress: -5% completed.
Progress: -4% completed.
Progress: -3% completed.
Backward Progress: 100% completed.
Finish to find core graph edge with query results
Finish to find core graph edge with in/out flag
Finish to add edges to edge sets
Core Graph Edge Number is 380531768
Finish to run 10 queries
Start to find core graph edge
Progress: 0% completed.
Progress: 0% completed.
Progress: 1% completed.
Progress: 2% completed.
Progress: 3% completed.
Progress: 4% completed.
Progress: 5% completed.
Progress: 6% completed.
Progress: 7% completed.
Progress: 8% completed.
Progress: 9% completed.
Progress: 10% completed.
Progress: 11% completed.
Progress: 12% completed.
Progress: 13% completed.
Progress: 14% completed.
Progress: 15% completed.
Progress: 16% completed.
Progress: 17% completed.
Progress: 18% completed.
Progress: 19% completed.
Progress: 20% completed.
Progress: 21% completed.
Progress: 22% completed.
Progress: 23% completed.
Progress: 24% completed.
Progress: 25% completed.
Progress: 26% completed.
Progress: 27% completed.
Progress: 28% completed.
Progress: 29% completed.
Progress: 30% completed.
Progress: 31% completed.
Progress: 32% completed.
Progress: 33% completed.
Progress: 34% completed.
Progress: 35% completed.
Progress: 36% completed.
Progress: 37% completed.
Progress: 38% completed.
Progress: 39% completed.
Progress: 40% completed.
Progress: 41% completed.
Progress: 42% completed.
Progress: 43% completed.
Progress: 44% completed.
Progress: 45% completed.
Progress: 46% completed.
Progress: 47% completed.
Progress: 48% completed.
Progress: 49% completed.
Progress: 50% completed.
Progress: -51% completed.
Progress: -50% completed.
Progress: -49% completed.
Progress: -48% completed.
Progress: -47% completed.
Progress: -46% completed.
Progress: -45% completed.
Progress: -44% completed.
Progress: -43% completed.
Progress: -42% completed.
Progress: -41% completed.
Progress: -40% completed.
Progress: -39% completed.
Progress: -38% completed.
Progress: -37% completed.
Progress: -36% completed.
Progress: -35% completed.
Progress: -34% completed.
Progress: -33% completed.
Progress: -32% completed.
Progress: -31% completed.
Progress: -30% completed.
Progress: -29% completed.
Progress: -28% completed.
Progress: -27% completed.
Progress: -26% completed.
Progress: -25% completed.
Progress: -24% completed.
Progress: -23% completed.
Progress: -22% completed.
Progress: -21% completed.
Progress: -20% completed.
Progress: -19% completed.
Progress: -18% completed.
Progress: -17% completed.
Progress: -16% completed.
Progress: -15% completed.
Progress: -14% completed.
Progress: -13% completed.
Progress: -12% completed.
Progress: -11% completed.
Progress: -10% completed.
Progress: -9% completed.
Progress: -8% completed.
Progress: -7% completed.
Progress: -6% completed.
Progress: -5% completed.
Progress: -4% completed.
Progress: -3% completed.
Forward progress: 100% completed.
Progress: 0% completed.
Progress: 0% completed.
Progress: 1% completed.
Progress: 2% completed.
Progress: 3% completed.
Progress: 4% completed.
Progress: 5% completed.
Progress: 6% completed.
Progress: 7% completed.
Progress: 8% completed.
Progress: 9% completed.
Progress: 10% completed.
Progress: 11% completed.
Progress: 12% completed.
Progress: 13% completed.
Progress: 14% completed.
Progress: 15% completed.
Progress: 16% completed.
Progress: 17% completed.
Progress: 18% completed.
Progress: 19% completed.
Progress: 20% completed.
Progress: 21% completed.
Progress: 22% completed.
Progress: 23% completed.
Progress: 24% completed.
Progress: 25% completed.
Progress: 26% completed.
Progress: 27% completed.
Progress: 28% completed.
Progress: 29% completed.
Progress: 30% completed.
Progress: 31% completed.
Progress: 32% completed.
Progress: 33% completed.
Progress: 34% completed.
Progress: 35% completed.
Progress: 36% completed.
Progress: 37% completed.
Progress: 38% completed.
Progress: 39% completed.
Progress: 40% completed.
Progress: 41% completed.
Progress: 42% completed.
Progress: 43% completed.
Progress: 44% completed.
Progress: 45% completed.
Progress: 46% completed.
Progress: 47% completed.
Progress: 48% completed.
Progress: 49% completed.
Progress: 50% completed.
Progress: -51% completed.
Progress: -50% completed.
Progress: -49% completed.
Progress: -48% completed.
Progress: -47% completed.
Progress: -46% completed.
Progress: -45% completed.
Progress: -44% completed.
Progress: -43% completed.
Progress: -42% completed.
Progress: -41% completed.
Progress: -40% completed.
Progress: -39% completed.
Progress: -38% completed.
Progress: -37% completed.
Progress: -36% completed.
Progress: -35% completed.
Progress: -34% completed.
Progress: -33% completed.
Progress: -32% completed.
Progress: -31% completed.
Progress: -30% completed.
Progress: -29% completed.
Progress: -28% completed.
Progress: -27% completed.
Progress: -26% completed.
Progress: -25% completed.
Progress: -24% completed.
Progress: -23% completed.
Progress: -22% completed.
Progress: -21% completed.
Progress: -20% completed.
Progress: -19% completed.
Progress: -18% completed.
Progress: -17% completed.
Progress: -16% completed.
Progress: -15% completed.
Progress: -14% completed.
Progress: -13% completed.
Progress: -12% completed.
Progress: -11% completed.
Progress: -10% completed.
Progress: -9% completed.
Progress: -8% completed.
Progress: -7% completed.
Progress: -6% completed.
Progress: -5% completed.
Progress: -4% completed.
Progress: -3% completed.
Backward Progress: 100% completed.
Finish to find core graph edge with query results
Finish to find core graph edge with in/out flag
Finish to add edges to edge sets
Core Graph Edge Number is 268816861
